<?xml version="1.0" encoding="UTF-8"?>
<testsuite name="rspec" tests="20" skipped="0" failures="0" errors="0" time="0.015610" timestamp="2019-11-15T22:34:49-03:00" hostname="milleniumphalcon">
<properties>
<property name="seed" value="7992"/>
</properties>
<testcase classname="spec.avengers_spec" name="AvengersHeadQuarter Deve adicionar um vingador" file="./spec/avengers_spec.rb" time="0.000436"></testcase>
<testcase classname="spec.avengers_spec" name="AvengersHeadQuarter Deve adicionar uma lista de vingadores" file="./spec/avengers_spec.rb" time="0.008659"></testcase>
<testcase classname="spec.avengers_spec" name="AvengersHeadQuarter Thor deve ser o primeiro da lista" file="./spec/avengers_spec.rb" time="0.000842"></testcase>
<testcase classname="spec.avengers_spec" name="AvengersHeadQuarter IronMan deve ser o ultimo da lista" file="./spec/avengers_spec.rb" time="0.000113"></testcase>
<testcase classname="spec.avengers_spec" name="AvengersHeadQuarter Deve conter o sobrenome Parker" file="./spec/avengers_spec.rb" time="0.000671"></testcase>
<testcase classname="spec.bank.saque_cc_spec" name="ContaCorrente Saque saque em conta corrente com saldo então atualiza saldo" file="./spec/bank/saque_cc_spec.rb" time="0.000088"></testcase>
<testcase classname="spec.bank.saque_cc_spec" name="ContaCorrente Saque quando o saldo é zero então exibe mensagem" file="./spec/bank/saque_cc_spec.rb" time="0.000103"></testcase>
<testcase classname="spec.bank.saque_cc_spec" name="ContaCorrente Saque quando o saldo é zero e o meu saldo permanance zero" file="./spec/bank/saque_cc_spec.rb" time="0.000172"></testcase>
<testcase classname="spec.bank.saque_cc_spec" name="ContaCorrente Saque quando o saldo é insuficiente  então exibe mensagem" file="./spec/bank/saque_cc_spec.rb" time="0.000087"></testcase>
<testcase classname="spec.bank.saque_cc_spec" name="ContaCorrente Saque quando o saldo é insuficiente e o meu saldo permanance" file="./spec/bank/saque_cc_spec.rb" time="0.000065"></testcase>
<testcase classname="spec.bank.saque_cc_spec" name="ContaCorrente Saque quando supera o limite de saque então exibe mensagem de limite" file="./spec/bank/saque_cc_spec.rb" time="0.000066"></testcase>
<testcase classname="spec.bank.saque_cc_spec" name="ContaCorrente Saque quando supera o limite de saque e o meu saldo permanance" file="./spec/bank/saque_cc_spec.rb" time="0.000087"></testcase>
<testcase classname="spec.bank.saque_cp_spec" name="ContaPoupanca Saque saque em conta poupança com saldo então atualiza saldo" file="./spec/bank/saque_cp_spec.rb" time="0.000064"></testcase>
<testcase classname="spec.bank.saque_cp_spec" name="ContaPoupanca Saque quando o saldo é zero então exibe mensagem" file="./spec/bank/saque_cp_spec.rb" time="0.000061"></testcase>
<testcase classname="spec.bank.saque_cp_spec" name="ContaPoupanca Saque quando o saldo é zero e o meu saldo permanance zero" file="./spec/bank/saque_cp_spec.rb" time="0.000065"></testcase>
<testcase classname="spec.bank.saque_cp_spec" name="ContaPoupanca Saque quando o saldo é insuficiente  então exibe mensagem" file="./spec/bank/saque_cp_spec.rb" time="0.000058"></testcase>
<testcase classname="spec.bank.saque_cp_spec" name="ContaPoupanca Saque quando o saldo é insuficiente e o meu saldo permanance" file="./spec/bank/saque_cp_spec.rb" time="0.000056"></testcase>
<testcase classname="spec.bank.saque_cp_spec" name="ContaPoupanca Saque quando supera o limite de saque então exibe mensagem de limite" file="./spec/bank/saque_cp_spec.rb" time="0.000083"></testcase>
<testcase classname="spec.bank.saque_cp_spec" name="ContaPoupanca Saque quando supera o limite de saque e o meu saldo permanance" file="./spec/bank/saque_cp_spec.rb" time="0.000057"></testcase>
<testcase classname="spec.exemplos_spec" name="suite rspec soma de valores" file="./spec/exemplos_spec.rb" time="0.000074"></testcase>
</testsuite>
